# JRE version: OpenJDK Runtime Environment (11.0.17+8) (build 11.0.17+8-post-Ubuntu-1ubuntu218.04)
# Java VM: OpenJDK 64-Bit Server VM (11.0.17+8-post-Ubuntu-1ubuntu218.04, mixed mode, tiered, compressed oops, g1 gc, linux-amd64)
Heap:
 garbage-first heap   total 153600K, used 112900K [0x00000000c0000000, 0x0000000100000000)
  region size 1024K, 68 young (69632K), 1 survivors (1024K)
 Metaspace       used 16479K, capacity 16938K, committed 17152K, reserved 1064960K
  class space    used 2092K, capacity 2261K, committed 2304K, reserved 1048576K
GC Heap History (20 events):
Event: 156.730 GC heap before
{Heap before GC invocations=411 (full 10):
 garbage-first heap   total 153600K, used 134402K [0x00000000c0000000, 0x0000000100000000)
  region size 1024K, 88 young (90112K), 1 survivors (1024K)
 Metaspace       used 16465K, capacity 16938K, committed 17152K, reserved 1064960K
  class space    used 2090K, capacity 2261K, committed 2304K, reserved 1048576K
}
Event: 156.731 GC heap after
{Heap after GC invocations=412 (full 10):
 garbage-first heap   total 153600K, used 45316K [0x00000000c0000000, 0x0000000100000000)
  region size 1024K, 1 young (1024K), 1 survivors (1024K)
 Metaspace       used 16465K, capacity 16938K, committed 17152K, reserved 1064960K
  class space    used 2090K, capacity 2261K, committed 2304K, reserved 1048576K
}
Event: 156.979 GC heap before
{Heap before GC invocations=412 (full 10):
 garbage-first heap   total 153600K, used 134404K [0x00000000c0000000, 0x0000000100000000)
  region size 1024K, 88 young (90112K), 1 survivors (1024K)
 Metaspace       used 16465K, capacity 16938K, committed 17152K, reserved 1064960K
  class space    used 2090K, capacity 2261K, committed 2304K, reserved 1048576K
}
Event: 156.980 GC heap after
{Heap after GC invocations=413 (full 10):
 garbage-first heap   total 153600K, used 45316K [0x00000000c0000000, 0x0000000100000000)
  region size 1024K, 1 young (1024K), 1 survivors (1024K)
 Metaspace       used 16465K, capacity 16938K, committed 17152K, reserved 1064960K
  class space    used 2090K, capacity 2261K, committed 2304K, reserved 1048576K
}
Event: 158.146 GC heap before
{Heap before GC invocations=413 (full 10):
 garbage-first heap   total 153600K, used 134404K [0x00000000c0000000, 0x0000000100000000)
  region size 1024K, 88 young (90112K), 1 survivors (1024K)
 Metaspace       used 16465K, capacity 16938K, committed 17152K, reserved 1064960K
  class space    used 2090K, capacity 2261K, committed 2304K, reserved 1048576K
}
Event: 158.147 GC heap after
{Heap after GC invocations=414 (full 10):
 garbage-first heap   total 153600K, used 45316K [0x00000000c0000000, 0x0000000100000000)
  region size 1024K, 1 young (1024K), 1 survivors (1024K)
 Metaspace       used 16465K, capacity 16938K, committed 17152K, reserved 1064960K
  class space    used 2090K, capacity 2261K, committed 2304K, reserved 1048576K
}
Event: 158.590 GC heap before
{Heap before GC invocations=414 (full 10):
 garbage-first heap   total 153600K, used 134404K [0x00000000c0000000, 0x0000000100000000)
  region size 1024K, 88 young (90112K), 1 survivors (1024K)
 Metaspace       used 16465K, capacity 16938K, committed 17152K, reserved 1064960K
  class space    used 2090K, capacity 2261K, committed 2304K, reserved 1048576K
}
Event: 158.591 GC heap after
{Heap after GC invocations=415 (full 10):
 garbage-first heap   total 153600K, used 45314K [0x00000000c0000000, 0x0000000100000000)
  region size 1024K, 1 young (1024K), 1 survivors (1024K)
 Metaspace       used 16465K, capacity 16938K, committed 17152K, reserved 1064960K
  class space    used 2090K, capacity 2261K, committed 2304K, reserved 1048576K
}
Event: 159.062 GC heap before
{Heap before GC invocations=415 (full 10):
 garbage-first heap   total 153600K, used 134402K [0x00000000c0000000, 0x0000000100000000)
  region size 1024K, 88 young (90112K), 1 survivors (1024K)
 Metaspace       used 16465K, capacity 16938K, committed 17152K, reserved 1064960K
  class space    used 2090K, capacity 2261K, committed 2304K, reserved 1048576K
}
Event: 159.063 GC heap after
{Heap after GC invocations=416 (full 10):
 garbage-first heap   total 153600K, used 45316K [0x00000000c0000000, 0x0000000100000000)
  region size 1024K, 1 young (1024K), 1 survivors (1024K)
 Metaspace       used 16465K, capacity 16938K, committed 17152K, reserved 1064960K
  class space    used 2090K, capacity 2261K, committed 2304K, reserved 1048576K
}
Event: 159.655 GC heap before
{Heap before GC invocations=416 (full 10):
 garbage-first heap   total 153600K, used 134404K [0x00000000c0000000, 0x0000000100000000)
  region size 1024K, 88 young (90112K), 1 survivors (1024K)
 Metaspace       used 16465K, capacity 16938K, committed 17152K, reserved 1064960K
  class space    used 2090K, capacity 2261K, committed 2304K, reserved 1048576K
}
Event: 159.656 GC heap after
{Heap after GC invocations=417 (full 10):
 garbage-first heap   total 153600K, used 45316K [0x00000000c0000000, 0x0000000100000000)
  region size 1024K, 1 young (1024K), 1 survivors (1024K)
 Metaspace       used 16465K, capacity 16938K, committed 17152K, reserved 1064960K
  class space    used 2090K, capacity 2261K, committed 2304K, reserved 1048576K
}
Event: 160.081 GC heap before
{Heap before GC invocations=417 (full 10):
 garbage-first heap   total 153600K, used 134404K [0x00000000c0000000, 0x0000000100000000)
  region size 1024K, 88 young (90112K), 1 survivors (1024K)
 Metaspace       used 16465K, capacity 16938K, committed 17152K, reserved 1064960K
  class space    used 2090K, capacity 2261K, committed 2304K, reserved 1048576K
}
Event: 160.082 GC heap after
{Heap after GC invocations=418 (full 10):
 garbage-first heap   total 153600K, used 45316K [0x00000000c0000000, 0x0000000100000000)
  region size 1024K, 1 young (1024K), 1 survivors (1024K)
 Metaspace       used 16465K, capacity 16938K, committed 17152K, reserved 1064960K
  class space    used 2090K, capacity 2261K, committed 2304K, reserved 1048576K
}
Event: 160.511 GC heap before
{Heap before GC invocations=418 (full 10):
 garbage-first heap   total 153600K, used 134404K [0x00000000c0000000, 0x0000000100000000)
  region size 1024K, 88 young (90112K), 1 survivors (1024K)
 Metaspace       used 16465K, capacity 16938K, committed 17152K, reserved 1064960K
  class space    used 2090K, capacity 2261K, committed 2304K, reserved 1048576K
}
Event: 160.512 GC heap after
{Heap after GC invocations=419 (full 10):
 garbage-first heap   total 153600K, used 45316K [0x00000000c0000000, 0x0000000100000000)
  region size 1024K, 1 young (1024K), 1 survivors (1024K)
 Metaspace       used 16465K, capacity 16938K, committed 17152K, reserved 1064960K
  class space    used 2090K, capacity 2261K, committed 2304K, reserved 1048576K
}
Event: 160.785 GC heap before
{Heap before GC invocations=419 (full 10):
 garbage-first heap   total 153600K, used 134404K [0x00000000c0000000, 0x0000000100000000)
  region size 1024K, 88 young (90112K), 1 survivors (1024K)
 Metaspace       used 16465K, capacity 16938K, committed 17152K, reserved 1064960K
  class space    used 2090K, capacity 2261K, committed 2304K, reserved 1048576K
}
Event: 160.786 GC heap after
{Heap after GC invocations=420 (full 10):
 garbage-first heap   total 153600K, used 45314K [0x00000000c0000000, 0x0000000100000000)
  region size 1024K, 1 young (1024K), 1 survivors (1024K)
 Metaspace       used 16465K, capacity 16938K, committed 17152K, reserved 1064960K
  class space    used 2090K, capacity 2261K, committed 2304K, reserved 1048576K
}
Event: 161.004 GC heap before
{Heap before GC invocations=420 (full 10):
 garbage-first heap   total 153600K, used 134402K [0x00000000c0000000, 0x0000000100000000)
  region size 1024K, 88 young (90112K), 1 survivors (1024K)
 Metaspace       used 16465K, capacity 16938K, committed 17152K, reserved 1064960K
  class space    used 2090K, capacity 2261K, committed 2304K, reserved 1048576K
}
Event: 161.006 GC heap after
{Heap after GC invocations=421 (full 10):
 garbage-first heap   total 153600K, used 45316K [0x00000000c0000000, 0x0000000100000000)
  region size 1024K, 1 young (1024K), 1 survivors (1024K)
 Metaspace       used 16465K, capacity 16938K, committed 17152K, reserved 1064960K
  class space    used 2090K, capacity 2261K, committed 2304K, reserved 1048576K
}

